<?xml version="1.0" encoding="UTF-8"?>
<!-- Generated by org.testng.reporters.JUnitReportReporter -->
<testsuite hostname="LTBH8GSN2" failures="0" tests="1" name="com.ToolsQA.testCases.TC_NewUserTest_002" time="6.432" errors="0" timestamp="2021-04-30T16:12:34 MDT" skipped="0">
  <testcase classname="com.ToolsQA.testCases.TC_NewUserTest_002" name="loginTest" time="6.432"/>
  <system-out/>
</testsuite> <!-- com.ToolsQA.testCases.TC_NewUserTest_002 -->
