<?xml version="1.0" encoding="UTF-8"?>
<!-- Generated by org.testng.reporters.JUnitReportReporter -->
<testsuite hostname="LTBH8GSN2" failures="0" tests="1" name="com.ToolsQA.testCases.TC_LoginPageTest_001" time="1.014" errors="0" timestamp="2021-04-30T16:12:34 MDT" skipped="0">
  <testcase classname="com.ToolsQA.testCases.TC_LoginPageTest_001" name="loginTest" time="1.014"/>
  <system-out/>
</testsuite> <!-- com.ToolsQA.testCases.TC_LoginPageTest_001 -->
